{"C:\\Users\\Administrador\\Documents\\test\\App.tsx": {"path":"C:\\Users\\Administrador\\Documents\\test\\App.tsx","statementMap":{"0":{"start":{"line":7,"column":32},"end":{"line":7,"column":43}},"1":{"start":{"line":9,"column":2},"end":{"line":32,"column":4}},"2":{"start":{"line":17,"column":41},"end":{"line":17,"column":64}},"3":{"start":{"line":23,"column":41},"end":{"line":23,"column":64}},"4":{"start":{"line":35,"column":15},"end":{"line":53,"column":2}}},"fnMap":{"0":{"name":"App","decl":{"start":{"line":6,"column":24},"end":{"line":6,"column":27}},"loc":{"start":{"line":6,"column":30},"end":{"line":33,"column":1}},"line":6},"1":{"name":"(anonymous_1)","decl":{"start":{"line":17,"column":35},"end":{"line":17,"column":36}},"loc":{"start":{"line":17,"column":41},"end":{"line":17,"column":64}},"line":17},"2":{"name":"(anonymous_2)","decl":{"start":{"line":23,"column":35},"end":{"line":23,"column":36}},"loc":{"start":{"line":23,"column":41},"end":{"line":23,"column":64}},"line":23}},"branchMap":{},"s":{"0":6,"1":6,"2":1,"3":2,"4":1},"f":{"0":6,"1":1,"2":2},"b":{},"_coverageSchema":"1a1c01bbd47fc00a2c39e90264f33305004495a9","hash":"3679150541713da913d0ca3f8bbb47d1446acaba"}
,"C:\\Users\\Administrador\\Documents\\test\\src\\Form.tsx": {"path":"C:\\Users\\Administrador\\Documents\\test\\src\\Form.tsx","statementMap":{"0":{"start":{"line":5,"column":27},"end":{"line":5,"column":39}},"1":{"start":{"line":6,"column":33},"end":{"line":6,"column":45}},"2":{"start":{"line":7,"column":25},"end":{"line":7,"column":37}},"3":{"start":{"line":10,"column":2},"end":{"line":12,"column":3}},"4":{"start":{"line":11,"column":4},"end":{"line":11,"column":32}},"5":{"start":{"line":15,"column":1},"end":{"line":37,"column":4}},"6":{"start":{"line":21,"column":30},"end":{"line":21,"column":44}},"7":{"start":{"line":28,"column":30},"end":{"line":28,"column":47}},"8":{"start":{"line":32,"column":41},"end":{"line":32,"column":69}},"9":{"start":{"line":40,"column":15},"end":{"line":50,"column":2}}},"fnMap":{"0":{"name":"Form","decl":{"start":{"line":4,"column":16},"end":{"line":4,"column":20}},"loc":{"start":{"line":4,"column":23},"end":{"line":38,"column":1}},"line":4},"1":{"name":"handleLogin","decl":{"start":{"line":9,"column":10},"end":{"line":9,"column":21}},"loc":{"start":{"line":9,"column":54},"end":{"line":13,"column":2}},"line":9},"2":{"name":"(anonymous_2)","decl":{"start":{"line":21,"column":20},"end":{"line":21,"column":21}},"loc":{"start":{"line":21,"column":30},"end":{"line":21,"column":44}},"line":21},"3":{"name":"(anonymous_3)","decl":{"start":{"line":28,"column":20},"end":{"line":28,"column":21}},"loc":{"start":{"line":28,"column":30},"end":{"line":28,"column":47}},"line":28},"4":{"name":"(anonymous_4)","decl":{"start":{"line":32,"column":35},"end":{"line":32,"column":36}},"loc":{"start":{"line":32,"column":41},"end":{"line":32,"column":69}},"line":32}},"branchMap":{"0":{"loc":{"start":{"line":10,"column":2},"end":{"line":12,"column":3}},"type":"if","locations":[{"start":{"line":10,"column":2},"end":{"line":12,"column":3}},{"start":{},"end":{}}],"line":10},"1":{"loc":{"start":{"line":10,"column":5},"end":{"line":10,"column":57}},"type":"binary-expr","locations":[{"start":{"line":10,"column":5},"end":{"line":10,"column":32}},{"start":{"line":10,"column":36},"end":{"line":10,"column":57}}],"line":10},"2":{"loc":{"start":{"line":34,"column":6},"end":{"line":34,"column":40}},"type":"binary-expr","locations":[{"start":{"line":34,"column":6},"end":{"line":34,"column":17}},{"start":{"line":34,"column":21},"end":{"line":34,"column":40}}],"line":34}},"s":{"0":7,"1":7,"2":7,"3":2,"4":1,"5":7,"6":2,"7":2,"8":2,"9":1},"f":{"0":7,"1":2,"2":2,"3":2,"4":2},"b":{"0":[1,1],"1":[2,1],"2":[7,1]},"_coverageSchema":"1a1c01bbd47fc00a2c39e90264f33305004495a9","hash":"b6a74ed758fb55b4a6347c085d527a881bc6cd27"}
,"C:\\Users\\Administrador\\Documents\\test\\src\\Game.tsx": {"path":"C:\\Users\\Administrador\\Documents\\test\\src\\Game.tsx","statementMap":{"0":{"start":{"line":11,"column":26},"end":{"line":11,"column":57}},"1":{"start":{"line":12,"column":34},"end":{"line":12,"column":46}},"2":{"start":{"line":14,"column":2},"end":{"line":30,"column":8}},"3":{"start":{"line":17,"column":6},"end":{"line":25,"column":7}},"4":{"start":{"line":18,"column":25},"end":{"line":18,"column":67}},"5":{"start":{"line":19,"column":8},"end":{"line":22,"column":10}},"6":{"start":{"line":24,"column":8},"end":{"line":24,"column":43}},"7":{"start":{"line":28,"column":4},"end":{"line":28,"column":16}},"8":{"start":{"line":33,"column":1},"end":{"line":49,"column":4}},"9":{"start":{"line":52,"column":15},"end":{"line":58,"column":2}}},"fnMap":{"0":{"name":"Game","decl":{"start":{"line":10,"column":16},"end":{"line":10,"column":20}},"loc":{"start":{"line":10,"column":23},"end":{"line":50,"column":1}},"line":10},"1":{"name":"(anonymous_1)","decl":{"start":{"line":14,"column":12},"end":{"line":14,"column":13}},"loc":{"start":{"line":14,"column":18},"end":{"line":30,"column":3}},"line":14},"2":{"name":"fetchGame","decl":{"start":{"line":16,"column":19},"end":{"line":16,"column":28}},"loc":{"start":{"line":16,"column":30},"end":{"line":26,"column":5}},"line":16}},"branchMap":{"0":{"loc":{"start":{"line":35,"column":7},"end":{"line":44,"column":7}},"type":"binary-expr","locations":[{"start":{"line":35,"column":7},"end":{"line":35,"column":11}},{"start":{"line":36,"column":8},"end":{"line":43,"column":11}}],"line":35},"1":{"loc":{"start":{"line":46,"column":7},"end":{"line":46,"column":49}},"type":"binary-expr","locations":[{"start":{"line":46,"column":7},"end":{"line":46,"column":22}},{"start":{"line":46,"column":26},"end":{"line":46,"column":49}}],"line":46}},"s":{"0":8,"1":8,"2":8,"3":4,"4":4,"5":1,"6":0,"7":4,"8":8,"9":2},"f":{"0":8,"1":4,"2":4},"b":{"0":[8,1],"1":[8,0]},"_coverageSchema":"1a1c01bbd47fc00a2c39e90264f33305004495a9","hash":"5827938ccc536b63dad76cd30e81f9be39c06b80"}
,"C:\\Users\\Administrador\\Documents\\test\\src\\Message.tsx": {"path":"C:\\Users\\Administrador\\Documents\\test\\src\\Message.tsx","statementMap":{"0":{"start":{"line":5,"column":40},"end":{"line":5,"column":55}},"1":{"start":{"line":8,"column":4},"end":{"line":10,"column":12}},"2":{"start":{"line":9,"column":6},"end":{"line":9,"column":34}},"3":{"start":{"line":13,"column":2},"end":{"line":21,"column":3}}},"fnMap":{"0":{"name":"Message","decl":{"start":{"line":4,"column":16},"end":{"line":4,"column":23}},"loc":{"start":{"line":4,"column":25},"end":{"line":22,"column":1}},"line":4},"1":{"name":"handleShowMessage","decl":{"start":{"line":7,"column":11},"end":{"line":7,"column":28}},"loc":{"start":{"line":7,"column":30},"end":{"line":11,"column":3}},"line":7},"2":{"name":"(anonymous_2)","decl":{"start":{"line":8,"column":15},"end":{"line":8,"column":16}},"loc":{"start":{"line":8,"column":21},"end":{"line":10,"column":5}},"line":8}},"branchMap":{"0":{"loc":{"start":{"line":16,"column":9},"end":{"line":16,"column":60}},"type":"cond-expr","locations":[{"start":{"line":16,"column":23},"end":{"line":16,"column":42}},{"start":{"line":16,"column":45},"end":{"line":16,"column":60}}],"line":16}},"s":{"0":3,"1":1,"2":1,"3":3},"f":{"0":3,"1":1,"2":1},"b":{"0":[1,2]},"_coverageSchema":"1a1c01bbd47fc00a2c39e90264f33305004495a9","hash":"65ec3164b8a44291fceda8c39095cf8e9fb2cc07"}
,"C:\\Users\\Administrador\\Documents\\test\\src\\Title.tsx": {"path":"C:\\Users\\Administrador\\Documents\\test\\src\\Title.tsx","statementMap":{"0":{"start":{"line":5,"column":2},"end":{"line":9,"column":3}},"1":{"start":{"line":12,"column":15},"end":{"line":18,"column":2}}},"fnMap":{"0":{"name":"Title","decl":{"start":{"line":4,"column":16},"end":{"line":4,"column":21}},"loc":{"start":{"line":4,"column":51},"end":{"line":10,"column":1}},"line":4}},"branchMap":{},"s":{"0":8,"1":2},"f":{"0":8},"b":{},"_coverageSchema":"1a1c01bbd47fc00a2c39e90264f33305004495a9","hash":"4e4de34c1773fd0a9af48f096dedbafdd45b916b"}
,"C:\\Users\\Administrador\\Documents\\test\\src\\services\\api.ts": {"path":"C:\\Users\\Administrador\\Documents\\test\\src\\services\\api.ts","statementMap":{"0":{"start":{"line":4,"column":12},"end":{"line":6,"column":2}}},"fnMap":{},"branchMap":{},"s":{"0":2},"f":{},"b":{},"_coverageSchema":"1a1c01bbd47fc00a2c39e90264f33305004495a9","hash":"ef83b1df1c5727f73cad6dea2f106a8521aeda07"}
}
