{"C:\\Users\\Administrador\\Documents\\test\\App.tsx": {"path":"C:\\Users\\Administrador\\Documents\\test\\App.tsx","statementMap":{"0":{"start":{"line":7,"column":32},"end":{"line":7,"column":43}},"1":{"start":{"line":9,"column":2},"end":{"line":31,"column":4}},"2":{"start":{"line":17,"column":41},"end":{"line":17,"column":64}},"3":{"start":{"line":23,"column":41},"end":{"line":23,"column":64}},"4":{"start":{"line":34,"column":15},"end":{"line":52,"column":2}}},"fnMap":{"0":{"name":"App","decl":{"start":{"line":6,"column":24},"end":{"line":6,"column":27}},"loc":{"start":{"line":6,"column":30},"end":{"line":32,"column":1}},"line":6},"1":{"name":"(anonymous_1)","decl":{"start":{"line":17,"column":35},"end":{"line":17,"column":36}},"loc":{"start":{"line":17,"column":41},"end":{"line":17,"column":64}},"line":17},"2":{"name":"(anonymous_2)","decl":{"start":{"line":23,"column":35},"end":{"line":23,"column":36}},"loc":{"start":{"line":23,"column":41},"end":{"line":23,"column":64}},"line":23}},"branchMap":{},"s":{"0":6,"1":6,"2":1,"3":2,"4":1},"f":{"0":6,"1":1,"2":2},"b":{},"_coverageSchema":"1a1c01bbd47fc00a2c39e90264f33305004495a9","hash":"0521c6a2fe25d14a9cd5e55ecf39e1f3b07349f3"}
,"C:\\Users\\Administrador\\Documents\\test\\src\\Message.tsx": {"path":"C:\\Users\\Administrador\\Documents\\test\\src\\Message.tsx","statementMap":{"0":{"start":{"line":5,"column":40},"end":{"line":5,"column":55}},"1":{"start":{"line":7,"column":2},"end":{"line":15,"column":3}},"2":{"start":{"line":13,"column":45},"end":{"line":13,"column":73}}},"fnMap":{"0":{"name":"Message","decl":{"start":{"line":4,"column":16},"end":{"line":4,"column":23}},"loc":{"start":{"line":4,"column":25},"end":{"line":16,"column":1}},"line":4},"1":{"name":"(anonymous_1)","decl":{"start":{"line":13,"column":39},"end":{"line":13,"column":40}},"loc":{"start":{"line":13,"column":45},"end":{"line":13,"column":73}},"line":13}},"branchMap":{"0":{"loc":{"start":{"line":10,"column":9},"end":{"line":10,"column":62}},"type":"cond-expr","locations":[{"start":{"line":10,"column":23},"end":{"line":10,"column":44}},{"start":{"line":10,"column":47},"end":{"line":10,"column":62}}],"line":10}},"s":{"0":9,"1":9,"2":1},"f":{"0":9,"1":1},"b":{"0":[1,8]},"_coverageSchema":"1a1c01bbd47fc00a2c39e90264f33305004495a9","hash":"912f0a23d55d92eaa555b08d046f83e25a353b38"}
,"C:\\Users\\Administrador\\Documents\\test\\src\\Title.tsx": {"path":"C:\\Users\\Administrador\\Documents\\test\\src\\Title.tsx","statementMap":{"0":{"start":{"line":5,"column":2},"end":{"line":9,"column":3}},"1":{"start":{"line":12,"column":15},"end":{"line":18,"column":2}}},"fnMap":{"0":{"name":"Title","decl":{"start":{"line":4,"column":16},"end":{"line":4,"column":21}},"loc":{"start":{"line":4,"column":51},"end":{"line":10,"column":1}},"line":4}},"branchMap":{},"s":{"0":8,"1":2},"f":{"0":8},"b":{},"_coverageSchema":"1a1c01bbd47fc00a2c39e90264f33305004495a9","hash":"4e4de34c1773fd0a9af48f096dedbafdd45b916b"}
}
