TN:
SF:App.tsx
FN:6,App
FN:17,(anonymous_1)
FN:23,(anonymous_2)
FNF:3
FNH:3
FNDA:6,App
FNDA:1,(anonymous_1)
FNDA:2,(anonymous_2)
DA:7,6
DA:9,6
DA:17,1
DA:23,2
DA:34,1
LF:5
LH:5
BRF:0
BRH:0
end_of_record
TN:
SF:src\Message.tsx
FN:4,Message
FN:13,(anonymous_1)
FNF:2
FNH:2
FNDA:9,Message
FNDA:1,(anonymous_1)
DA:5,9
DA:7,9
DA:13,1
LF:3
LH:3
BRDA:10,0,0,1
BRDA:10,0,1,8
BRF:2
BRH:2
end_of_record
TN:
SF:src\Title.tsx
FN:4,Title
FNF:1
FNH:1
FNDA:8,Title
DA:5,8
DA:12,2
LF:2
LH:2
BRF:0
BRH:0
end_of_record
